# JRE version: OpenJDK Runtime Environment (8.0_252-b09) (build 1.8.0_252-8u252-b09-1~16.04-b09)
# Java VM: OpenJDK 64-Bit Server VM (25.252-b09 mixed mode linux-amd64 compressed oops)
Heap:
 PSYoungGen      total 296960K, used 267035K [0x00000000eab00000, 0x0000000100000000, 0x0000000100000000)
  eden space 244736K, 99% used [0x00000000eab00000,0x00000000f97e61f0,0x00000000f9a00000)
  from space 52224K, 46% used [0x00000000f9a00000,0x00000000fb1e0b80,0x00000000fcd00000)
  to   space 50688K, 0% used [0x00000000fce80000,0x00000000fce80000,0x0000000100000000)
 ParOldGen       total 699392K, used 236571K [0x00000000c0000000, 0x00000000eab00000, 0x00000000eab00000)
  object space 699392K, 33% used [0x00000000c0000000,0x00000000ce706da0,0x00000000eab00000)
 Metaspace       used 854381K, capacity 859676K, committed 865408K, reserved 1796096K
  class space    used 116899K, capacity 117999K, committed 118144K, reserved 1048576K
GC Heap History (10 events):
Event: 7931.173 GC heap before
{Heap before GC invocations=416 (full 43):
 PSYoungGen      total 299520K, used 139727K [0x00000000eab00000, 0x0000000100000000, 0x0000000100000000)
  eden space 248832K, 42% used [0x00000000eab00000,0x00000000f11fe220,0x00000000f9e00000)
  from space 50688K, 67% used [0x00000000fce80000,0x00000000feff5ca0,0x0000000100000000)
  to   space 49664K, 0% used [0x00000000f9e00000,0x00000000f9e00000,0x00000000fce80000)
 ParOldGen       total 699392K, used 226745K [0x00000000c0000000, 0x00000000eab00000, 0x00000000eab00000)
  object space 699392K, 32% used [0x00000000c0000000,0x00000000cdd6e5d8,0x00000000eab00000)
 Metaspace       used 844471K, capacity 849898K, committed 855680K, reserved 1787904K
  class space    used 115442K, capacity 116547K, committed 116608K, reserved 1048576K
Event: 7931.214 GC heap after
Heap after GC invocations=416 (full 43):
 PSYoungGen      total 298496K, used 32176K [0x00000000eab00000, 0x0000000100000000, 0x0000000100000000)
  eden space 248832K, 0% used [0x00000000eab00000,0x00000000eab00000,0x00000000f9e00000)
  from space 49664K, 64% used [0x00000000f9e00000,0x00000000fbd6c2a8,0x00000000fce80000)
  to   space 48128K, 0% used [0x00000000fd100000,0x00000000fd100000,0x0000000100000000)
 ParOldGen       total 699392K, used 226745K [0x00000000c0000000, 0x00000000eab00000, 0x00000000eab00000)
  object space 699392K, 32% used [0x00000000c0000000,0x00000000cdd6e5d8,0x00000000eab00000)
 Metaspace       used 844471K, capacity 849898K, committed 855680K, reserved 1787904K
  class space    used 115442K, capacity 116547K, committed 116608K, reserved 1048576K
}
Event: 7931.214 GC heap before
{Heap before GC invocations=417 (full 44):
 PSYoungGen      total 298496K, used 32176K [0x00000000eab00000, 0x0000000100000000, 0x0000000100000000)
  eden space 248832K, 0% used [0x00000000eab00000,0x00000000eab00000,0x00000000f9e00000)
  from space 49664K, 64% used [0x00000000f9e00000,0x00000000fbd6c2a8,0x00000000fce80000)
  to   space 48128K, 0% used [0x00000000fd100000,0x00000000fd100000,0x0000000100000000)
 ParOldGen       total 699392K, used 226745K [0x00000000c0000000, 0x00000000eab00000, 0x00000000eab00000)
  object space 699392K, 32% used [0x00000000c0000000,0x00000000cdd6e5d8,0x00000000eab00000)
 Metaspace       used 844471K, capacity 849898K, committed 855680K, reserved 1787904K
  class space    used 115442K, capacity 116547K, committed 116608K, reserved 1048576K
Event: 7931.932 GC heap after
Heap after GC invocations=417 (full 44):
 PSYoungGen      total 298496K, used 0K [0x00000000eab00000, 0x0000000100000000, 0x0000000100000000)
  eden space 248832K, 0% used [0x00000000eab00000,0x00000000eab00000,0x00000000f9e00000)
  from space 49664K, 0% used [0x00000000f9e00000,0x00000000f9e00000,0x00000000fce80000)
  to   space 48128K, 0% used [0x00000000fd100000,0x00000000fd100000,0x0000000100000000)
 ParOldGen       total 699392K, used 238835K [0x00000000c0000000, 0x00000000eab00000, 0x00000000eab00000)
  object space 699392K, 34% used [0x00000000c0000000,0x00000000ce93ced0,0x00000000eab00000)
 Metaspace       used 838514K, capacity 843778K, committed 853632K, reserved 1785856K
  class space    used 114400K, capacity 115494K, committed 116608K, reserved 1048576K
}
Event: 7931.951 GC heap before
{Heap before GC invocations=418 (full 44):
 PSYoungGen      total 298496K, used 73K [0x00000000eab00000, 0x0000000100000000, 0x0000000100000000)
  eden space 248832K, 0% used [0x00000000eab00000,0x00000000eab125c0,0x00000000f9e00000)
  from space 49664K, 0% used [0x00000000f9e00000,0x00000000f9e00000,0x00000000fce80000)
  to   space 48128K, 0% used [0x00000000fd100000,0x00000000fd100000,0x0000000100000000)
 ParOldGen       total 699392K, used 238835K [0x00000000c0000000, 0x00000000eab00000, 0x00000000eab00000)
  object space 699392K, 34% used [0x00000000c0000000,0x00000000ce93ced0,0x00000000eab00000)
 Metaspace       used 838514K, capacity 843778K, committed 853632K, reserved 1785856K
  class space    used 114400K, capacity 115494K, committed 116608K, reserved 1048576K
Event: 7931.967 GC heap after
Heap after GC invocations=418 (full 44):
 PSYoungGen      total 292864K, used 64K [0x00000000eab00000, 0x0000000100000000, 0x0000000100000000)
  eden space 244736K, 0% used [0x00000000eab00000,0x00000000eab00000,0x00000000f9a00000)
  from space 48128K, 0% used [0x00000000fd100000,0x00000000fd110000,0x0000000100000000)
  to   space 52224K, 0% used [0x00000000f9a00000,0x00000000f9a00000,0x00000000fcd00000)
 ParOldGen       total 699392K, used 238835K [0x00000000c0000000, 0x00000000eab00000, 0x00000000eab00000)
  object space 699392K, 34% used [0x00000000c0000000,0x00000000ce93ced0,0x00000000eab00000)
 Metaspace       used 838514K, capacity 843778K, committed 853632K, reserved 1785856K
  class space    used 114400K, capacity 115494K, committed 116608K, reserved 1048576K
}
Event: 7931.967 GC heap before
{Heap before GC invocations=419 (full 45):
 PSYoungGen      total 292864K, used 64K [0x00000000eab00000, 0x0000000100000000, 0x0000000100000000)
  eden space 244736K, 0% used [0x00000000eab00000,0x00000000eab00000,0x00000000f9a00000)
  from space 48128K, 0% used [0x00000000fd100000,0x00000000fd110000,0x0000000100000000)
  to   space 52224K, 0% used [0x00000000f9a00000,0x00000000f9a00000,0x00000000fcd00000)
 ParOldGen       total 699392K, used 238835K [0x00000000c0000000, 0x00000000eab00000, 0x00000000eab00000)
  object space 699392K, 34% used [0x00000000c0000000,0x00000000ce93ced0,0x00000000eab00000)
 Metaspace       used 838514K, capacity 843778K, committed 853632K, reserved 1785856K
  class space    used 114400K, capacity 115494K, committed 116608K, reserved 1048576K
Event: 7932.495 GC heap after
Heap after GC invocations=419 (full 45):
 PSYoungGen      total 292864K, used 0K [0x00000000eab00000, 0x0000000100000000, 0x0000000100000000)
  eden space 244736K, 0% used [0x00000000eab00000,0x00000000eab00000,0x00000000f9a00000)
  from space 48128K, 0% used [0x00000000fd100000,0x00000000fd100000,0x0000000100000000)
  to   space 52224K, 0% used [0x00000000f9a00000,0x00000000f9a00000,0x00000000fcd00000)
 ParOldGen       total 699392K, used 236571K [0x00000000c0000000, 0x00000000eab00000, 0x00000000eab00000)
  object space 699392K, 33% used [0x00000000c0000000,0x00000000ce706da0,0x00000000eab00000)
 Metaspace       used 838514K, capacity 843778K, committed 853632K, reserved 1785856K
  class space    used 114400K, capacity 115494K, committed 116608K, reserved 1048576K
}
Event: 7936.506 GC heap before
{Heap before GC invocations=420 (full 45):
 PSYoungGen      total 292864K, used 244736K [0x00000000eab00000, 0x0000000100000000, 0x0000000100000000)
  eden space 244736K, 100% used [0x00000000eab00000,0x00000000f9a00000,0x00000000f9a00000)
  from space 48128K, 0% used [0x00000000fd100000,0x00000000fd100000,0x0000000100000000)
  to   space 52224K, 0% used [0x00000000f9a00000,0x00000000f9a00000,0x00000000fcd00000)
 ParOldGen       total 699392K, used 236571K [0x00000000c0000000, 0x00000000eab00000, 0x00000000eab00000)
  object space 699392K, 33% used [0x00000000c0000000,0x00000000ce706da0,0x00000000eab00000)
 Metaspace       used 843706K, capacity 849050K, committed 854912K, reserved 1787904K
  class space    used 115275K, capacity 116398K, committed 116608K, reserved 1048576K
Event: 7936.640 GC heap after
Heap after GC invocations=420 (full 45):
 PSYoungGen      total 296960K, used 24450K [0x00000000eab00000, 0x0000000100000000, 0x0000000100000000)
  eden space 244736K, 0% used [0x00000000eab00000,0x00000000eab00000,0x00000000f9a00000)
  from space 52224K, 46% used [0x00000000f9a00000,0x00000000fb1e0b80,0x00000000fcd00000)
  to   space 50688K, 0% used [0x00000000fce80000,0x00000000fce80000,0x0000000100000000)
 ParOldGen       total 699392K, used 236571K [0x00000000c0000000, 0x00000000eab00000, 0x00000000eab00000)
  object space 699392K, 33% used [0x00000000c0000000,0x00000000ce706da0,0x00000000eab00000)
 Metaspace       used 843706K, capacity 849050K, committed 854912K, reserved 1787904K
  class space    used 115275K, capacity 116398K, committed 116608K, reserved 1048576K
}

